<?xml version="1.0" encoding="UTF-8"?>
<testsuite name="indi.eulir.math.expr.FractionTest2" tests="1" skipped="0" failures="0" errors="0" timestamp="2018-03-25T14:36:10" hostname="DEEPER-BLUE" time="0.003">
  <properties/>
  <testcase name="testToString" classname="indi.eulir.math.expr.FractionTest2" time="0.003"/>
  <system-out><![CDATA[]]></system-out>
  <system-err><![CDATA[]]></system-err>
</testsuite>
